<?xml version="1.0" encoding="UTF-8"?>
<!-- Generated by org.testng.reporters.JUnitReportReporter -->
<testsuite hostname="LAPTOP-4SOUBLRA" failures="0" tests="1" name="test.com.GoogleSearchTest" time="2.669" errors="0" timestamp="28 Jan 2024 06:16:55 GMT">
  <testcase classname="test.com.GoogleSearchTest" name="testFacebook" time="2.669"/>
</testsuite> <!-- test.com.GoogleSearchTest -->
